info it worked if it ends with ok
verbose cli [ 'node', '/home/jkirschner/local/bin/npm', 'install', 'faker' ]
info using npm@1.1.16
info using node@v0.6.15
verbose config file /home/jkirschner/.npmrc
verbose config file /home/jkirschner/local/etc/npmrc
verbose config file /home/jkirschner/local/lib/node_modules/npm/npmrc
verbose caching /home/jkirschner/Documents/Programming/dispatch/package.json
verbose loadDefaults dispatch@0.0.1
verbose caching /home/jkirschner/Documents/Programming/dispatch/node_modules/querystring/package.json
verbose caching /home/jkirschner/Documents/Programming/dispatch/node_modules/nano/package.json
verbose caching /home/jkirschner/Documents/Programming/dispatch/node_modules/express/package.json
verbose caching /home/jkirschner/Documents/Programming/dispatch/node_modules/url/package.json
verbose caching /home/jkirschner/Documents/Programming/dispatch/node_modules/felix-couchdb/package.json
verbose caching /home/jkirschner/Documents/Programming/dispatch/node_modules/couchdb/package.json
verbose from cache /home/jkirschner/Documents/Programming/dispatch/package.json
verbose readDependencies: using package.json deps
verbose cache add [ 'faker', null ]
silly cache add: name, spec, args [ undefined, 'faker', [ 'faker', null ] ]
verbose parsed url { pathname: 'faker', path: 'faker', href: 'faker' }
verbose addNamed [ 'faker', '' ]
verbose addNamed [ null, '' ]
silly name, range, hasData [ 'faker', '', false ]
verbose raw, before any munging faker
verbose url resolving [ 'https://registry.npmjs.org/', './faker' ]
verbose url resolved https://registry.npmjs.org/faker
http GET https://registry.npmjs.org/faker
http 404 https://registry.npmjs.org/faker
silly get cb [ 404,
silly get cb   { server: 'CouchDB/1.2.0 (Erlang OTP/R15B)',
silly get cb     date: 'Thu, 12 Apr 2012 00:36:06 GMT',
silly get cb     'content-type': 'application/json',
silly get cb     'content-length': '52',
silly get cb     'cache-control': 'must-revalidate' } ]
ERR! 404 'faker' is not in the npm registry.
ERR! 404 You should bug the author to publish it
ERR! 404 Note that you can also install from a
ERR! 404 tarball, folder, or http url, or git url.
ERR! 
ERR! System Linux 3.0.0-19-generic
ERR! command "node" "/home/jkirschner/local/bin/npm" "install" "faker"
ERR! cwd /home/jkirschner/Documents/Programming/dispatch
ERR! node -v v0.6.15
ERR! npm -v 1.1.16
ERR! code E404
ERR! message 404 Not Found: faker
ERR! errno {}
verbose exit [ 1, true ]
